<?xml version="1.0" encoding="UTF-8"?>
<testng-results skipped="0" failed="0" total="1" passed="1">
  <reporter-output>
  </reporter-output>
  <suite name="Default suite" duration-ms="4090" started-at="2018-02-03T10:26:53Z" finished-at="2018-02-03T10:26:57Z">
    <groups>
    </groups>
    <test name="Default test" duration-ms="4090" started-at="2018-02-03T10:26:53Z" finished-at="2018-02-03T10:26:57Z">
      <class name="qsp.DemoA">
        <test-method status="PASS" signature="testA()[pri:0, instance:qsp.DemoA@4c70fda8]" name="testA" duration-ms="4043" started-at="2018-02-03T15:56:53Z" finished-at="2018-02-03T15:56:57Z">
          <reporter-output>
          </reporter-output>
        </test-method> <!-- testA -->
      </class> <!-- qsp.DemoA -->
    </test> <!-- Default test -->
  </suite> <!-- Default suite -->
</testng-results>
